::1 - - [Wed, 05 Apr 2017 13:37:37 GMT] "GET / HTTP/1.1" 200 777 "-" "Mozilla/5.0 (Windows NT 6.3; WOW64) AppleWebKit/537.36 (KHTML, like Gecko) Chrome/56.0.2924.87 Safari/537.36"
::1 - - [Wed, 05 Apr 2017 13:37:40 GMT] "GET /stylesheets/style.css HTTP/1.1" 304 - "http://localhost:3000/" "Mozilla/5.0 (Windows NT 6.3; WOW64) AppleWebKit/537.36 (KHTML, like Gecko) Chrome/56.0.2924.87 Safari/537.36"
::1 - - [Wed, 05 Apr 2017 13:37:47 GMT] "GET /logout HTTP/1.1" 302 46 "http://localhost:3000/" "Mozilla/5.0 (Windows NT 6.3; WOW64) AppleWebKit/537.36 (KHTML, like Gecko) Chrome/56.0.2924.87 Safari/537.36"
::1 - - [Wed, 05 Apr 2017 13:37:47 GMT] "GET / HTTP/1.1" 200 744 "http://localhost:3000/" "Mozilla/5.0 (Windows NT 6.3; WOW64) AppleWebKit/537.36 (KHTML, like Gecko) Chrome/56.0.2924.87 Safari/537.36"
::1 - - [Wed, 05 Apr 2017 13:37:47 GMT] "GET /stylesheets/style.css HTTP/1.1" 304 - "http://localhost:3000/" "Mozilla/5.0 (Windows NT 6.3; WOW64) AppleWebKit/537.36 (KHTML, like Gecko) Chrome/56.0.2924.87 Safari/537.36"
::1 - - [Wed, 05 Apr 2017 13:37:55 GMT] "GET /login HTTP/1.1" 200 872 "http://localhost:3000/" "Mozilla/5.0 (Windows NT 6.3; WOW64) AppleWebKit/537.36 (KHTML, like Gecko) Chrome/56.0.2924.87 Safari/537.36"
::1 - - [Wed, 05 Apr 2017 13:37:55 GMT] "GET /stylesheets/style.css HTTP/1.1" 304 - "http://localhost:3000/login" "Mozilla/5.0 (Windows NT 6.3; WOW64) AppleWebKit/537.36 (KHTML, like Gecko) Chrome/56.0.2924.87 Safari/537.36"
::1 - - [Wed, 05 Apr 2017 13:38:04 GMT] "POST /login HTTP/1.1" 302 56 "http://localhost:3000/login" "Mozilla/5.0 (Windows NT 6.3; WOW64) AppleWebKit/537.36 (KHTML, like Gecko) Chrome/56.0.2924.87 Safari/537.36"
::1 - - [Wed, 05 Apr 2017 13:38:04 GMT] "GET /login HTTP/1.1" 200 900 "http://localhost:3000/login" "Mozilla/5.0 (Windows NT 6.3; WOW64) AppleWebKit/537.36 (KHTML, like Gecko) Chrome/56.0.2924.87 Safari/537.36"
::1 - - [Wed, 05 Apr 2017 13:38:04 GMT] "GET /stylesheets/style.css HTTP/1.1" 304 - "http://localhost:3000/login" "Mozilla/5.0 (Windows NT 6.3; WOW64) AppleWebKit/537.36 (KHTML, like Gecko) Chrome/56.0.2924.87 Safari/537.36"
::1 - - [Wed, 05 Apr 2017 13:38:06 GMT] "GET / HTTP/1.1" 200 716 "http://localhost:3000/login" "Mozilla/5.0 (Windows NT 6.3; WOW64) AppleWebKit/537.36 (KHTML, like Gecko) Chrome/56.0.2924.87 Safari/537.36"
::1 - - [Wed, 05 Apr 2017 13:38:07 GMT] "GET /stylesheets/style.css HTTP/1.1" 304 - "http://localhost:3000/" "Mozilla/5.0 (Windows NT 6.3; WOW64) AppleWebKit/537.36 (KHTML, like Gecko) Chrome/56.0.2924.87 Safari/537.36"
::1 - - [Wed, 05 Apr 2017 13:39:40 GMT] "GET /reg HTTP/1.1" 200 992 "http://localhost:3000/" "Mozilla/5.0 (Windows NT 6.3; WOW64) AppleWebKit/537.36 (KHTML, like Gecko) Chrome/56.0.2924.87 Safari/537.36"
::1 - - [Wed, 05 Apr 2017 13:39:40 GMT] "GET /stylesheets/style.css HTTP/1.1" 304 - "http://localhost:3000/reg" "Mozilla/5.0 (Windows NT 6.3; WOW64) AppleWebKit/537.36 (KHTML, like Gecko) Chrome/56.0.2924.87 Safari/537.36"
::1 - - [Wed, 05 Apr 2017 13:40:08 GMT] "POST /reg HTTP/1.1" 302 46 "http://localhost:3000/reg" "Mozilla/5.0 (Windows NT 6.3; WOW64) AppleWebKit/537.36 (KHTML, like Gecko) Chrome/56.0.2924.87 Safari/537.36"
::1 - - [Wed, 05 Apr 2017 13:40:08 GMT] "GET / HTTP/1.1" 200 803 "http://localhost:3000/reg" "Mozilla/5.0 (Windows NT 6.3; WOW64) AppleWebKit/537.36 (KHTML, like Gecko) Chrome/56.0.2924.87 Safari/537.36"
::1 - - [Wed, 05 Apr 2017 13:40:08 GMT] "GET /stylesheets/style.css HTTP/1.1" 304 - "http://localhost:3000/" "Mozilla/5.0 (Windows NT 6.3; WOW64) AppleWebKit/537.36 (KHTML, like Gecko) Chrome/56.0.2924.87 Safari/537.36"
::1 - - [Wed, 05 Apr 2017 13:40:11 GMT] "GET /post HTTP/1.1" 200 1076 "http://localhost:3000/" "Mozilla/5.0 (Windows NT 6.3; WOW64) AppleWebKit/537.36 (KHTML, like Gecko) Chrome/56.0.2924.87 Safari/537.36"
::1 - - [Wed, 05 Apr 2017 13:40:11 GMT] "GET /stylesheets/style.css HTTP/1.1" 304 - "http://localhost:3000/post" "Mozilla/5.0 (Windows NT 6.3; WOW64) AppleWebKit/537.36 (KHTML, like Gecko) Chrome/56.0.2924.87 Safari/537.36"
::1 - - [Wed, 05 Apr 2017 13:40:20 GMT] "POST /post HTTP/1.1" 302 46 "http://localhost:3000/post" "Mozilla/5.0 (Windows NT 6.3; WOW64) AppleWebKit/537.36 (KHTML, like Gecko) Chrome/56.0.2924.87 Safari/537.36"
::1 - - [Wed, 05 Apr 2017 13:40:20 GMT] "GET / HTTP/1.1" 200 1196 "http://localhost:3000/post" "Mozilla/5.0 (Windows NT 6.3; WOW64) AppleWebKit/537.36 (KHTML, like Gecko) Chrome/56.0.2924.87 Safari/537.36"
::1 - - [Wed, 05 Apr 2017 13:40:20 GMT] "GET /stylesheets/style.css HTTP/1.1" 304 - "http://localhost:3000/" "Mozilla/5.0 (Windows NT 6.3; WOW64) AppleWebKit/537.36 (KHTML, like Gecko) Chrome/56.0.2924.87 Safari/537.36"
::1 - - [Wed, 05 Apr 2017 13:40:28 GMT] "GET /logout HTTP/1.1" 302 46 "http://localhost:3000/" "Mozilla/5.0 (Windows NT 6.3; WOW64) AppleWebKit/537.36 (KHTML, like Gecko) Chrome/56.0.2924.87 Safari/537.36"
::1 - - [Wed, 05 Apr 2017 13:40:28 GMT] "GET / HTTP/1.1" 200 1135 "http://localhost:3000/" "Mozilla/5.0 (Windows NT 6.3; WOW64) AppleWebKit/537.36 (KHTML, like Gecko) Chrome/56.0.2924.87 Safari/537.36"
::1 - - [Wed, 05 Apr 2017 13:40:28 GMT] "GET /stylesheets/style.css HTTP/1.1" 304 - "http://localhost:3000/" "Mozilla/5.0 (Windows NT 6.3; WOW64) AppleWebKit/537.36 (KHTML, like Gecko) Chrome/56.0.2924.87 Safari/537.36"
::1 - - [Wed, 05 Apr 2017 13:40:30 GMT] "GET /reg HTTP/1.1" 200 992 "http://localhost:3000/" "Mozilla/5.0 (Windows NT 6.3; WOW64) AppleWebKit/537.36 (KHTML, like Gecko) Chrome/56.0.2924.87 Safari/537.36"
::1 - - [Wed, 05 Apr 2017 13:40:30 GMT] "GET /stylesheets/style.css HTTP/1.1" 304 - "http://localhost:3000/reg" "Mozilla/5.0 (Windows NT 6.3; WOW64) AppleWebKit/537.36 (KHTML, like Gecko) Chrome/56.0.2924.87 Safari/537.36"
::1 - - [Wed, 05 Apr 2017 13:40:54 GMT] "POST /reg HTTP/1.1" 302 46 "http://localhost:3000/reg" "Mozilla/5.0 (Windows NT 6.3; WOW64) AppleWebKit/537.36 (KHTML, like Gecko) Chrome/56.0.2924.87 Safari/537.36"
::1 - - [Wed, 05 Apr 2017 13:40:54 GMT] "GET / HTTP/1.1" 200 1194 "http://localhost:3000/reg" "Mozilla/5.0 (Windows NT 6.3; WOW64) AppleWebKit/537.36 (KHTML, like Gecko) Chrome/56.0.2924.87 Safari/537.36"
::1 - - [Wed, 05 Apr 2017 13:40:54 GMT] "GET /stylesheets/style.css HTTP/1.1" 304 - "http://localhost:3000/" "Mozilla/5.0 (Windows NT 6.3; WOW64) AppleWebKit/537.36 (KHTML, like Gecko) Chrome/56.0.2924.87 Safari/537.36"
::1 - - [Wed, 05 Apr 2017 13:40:59 GMT] "GET /u/likun6745109/2017-4-5/123 HTTP/1.1" 200 1554 "http://localhost:3000/" "Mozilla/5.0 (Windows NT 6.3; WOW64) AppleWebKit/537.36 (KHTML, like Gecko) Chrome/56.0.2924.87 Safari/537.36"
::1 - - [Wed, 05 Apr 2017 13:40:59 GMT] "GET /stylesheets/style.css HTTP/1.1" 304 - "http://localhost:3000/u/likun6745109/2017-4-5/123" "Mozilla/5.0 (Windows NT 6.3; WOW64) AppleWebKit/537.36 (KHTML, like Gecko) Chrome/56.0.2924.87 Safari/537.36"
::1 - - [Wed, 05 Apr 2017 13:41:00 GMT] "GET /reprint/likun6745109/2017-4-5/123 HTTP/1.1" 302 148 "http://localhost:3000/u/likun6745109/2017-4-5/123" "Mozilla/5.0 (Windows NT 6.3; WOW64) AppleWebKit/537.36 (KHTML, like Gecko) Chrome/56.0.2924.87 Safari/537.36"
::1 - - [Wed, 05 Apr 2017 13:41:00 GMT] "GET /u/liguo6745109/2017-4-5/%5B%E8%BD%AC%E8%BD%BD%5D123 HTTP/1.1" 200 1743 "http://localhost:3000/u/likun6745109/2017-4-5/123" "Mozilla/5.0 (Windows NT 6.3; WOW64) AppleWebKit/537.36 (KHTML, like Gecko) Chrome/56.0.2924.87 Safari/537.36"
::1 - - [Wed, 05 Apr 2017 13:41:00 GMT] "GET /stylesheets/style.css HTTP/1.1" 304 - "http://localhost:3000/u/liguo6745109/2017-4-5/%5B%E8%BD%AC%E8%BD%BD%5D123" "Mozilla/5.0 (Windows NT 6.3; WOW64) AppleWebKit/537.36 (KHTML, like Gecko) Chrome/56.0.2924.87 Safari/537.36"
::1 - - [Wed, 05 Apr 2017 13:41:04 GMT] "GET /edit/liguo6745109/2017-4-5/[%E8%BD%AC%E8%BD%BD]123 HTTP/1.1" 200 1146 "http://localhost:3000/u/liguo6745109/2017-4-5/%5B%E8%BD%AC%E8%BD%BD%5D123" "Mozilla/5.0 (Windows NT 6.3; WOW64) AppleWebKit/537.36 (KHTML, like Gecko) Chrome/56.0.2924.87 Safari/537.36"
::1 - - [Wed, 05 Apr 2017 13:41:04 GMT] "GET /stylesheets/style.css HTTP/1.1" 304 - "http://localhost:3000/edit/liguo6745109/2017-4-5/[%E8%BD%AC%E8%BD%BD]123" "Mozilla/5.0 (Windows NT 6.3; WOW64) AppleWebKit/537.36 (KHTML, like Gecko) Chrome/56.0.2924.87 Safari/537.36"
::1 - - [Wed, 05 Apr 2017 13:41:10 GMT] "POST /edit/liguo6745109/2017-4-5/[%E8%BD%AC%E8%BD%BD]123 HTTP/1.1" 302 148 "http://localhost:3000/edit/liguo6745109/2017-4-5/[%E8%BD%AC%E8%BD%BD]123" "Mozilla/5.0 (Windows NT 6.3; WOW64) AppleWebKit/537.36 (KHTML, like Gecko) Chrome/56.0.2924.87 Safari/537.36"
::1 - - [Wed, 05 Apr 2017 13:41:10 GMT] "GET /u/liguo6745109/2017-4-5/%5B%E8%BD%AC%E8%BD%BD%5D123 HTTP/1.1" 200 1720 "http://localhost:3000/edit/liguo6745109/2017-4-5/[%E8%BD%AC%E8%BD%BD]123" "Mozilla/5.0 (Windows NT 6.3; WOW64) AppleWebKit/537.36 (KHTML, like Gecko) Chrome/56.0.2924.87 Safari/537.36"
::1 - - [Wed, 05 Apr 2017 13:41:10 GMT] "GET /stylesheets/style.css HTTP/1.1" 304 - "http://localhost:3000/u/liguo6745109/2017-4-5/%5B%E8%BD%AC%E8%BD%BD%5D123" "Mozilla/5.0 (Windows NT 6.3; WOW64) AppleWebKit/537.36 (KHTML, like Gecko) Chrome/56.0.2924.87 Safari/537.36"
::1 - - [Wed, 05 Apr 2017 13:41:11 GMT] "GET / HTTP/1.1" 200 1613 "http://localhost:3000/u/liguo6745109/2017-4-5/%5B%E8%BD%AC%E8%BD%BD%5D123" "Mozilla/5.0 (Windows NT 6.3; WOW64) AppleWebKit/537.36 (KHTML, like Gecko) Chrome/56.0.2924.87 Safari/537.36"
::1 - - [Wed, 05 Apr 2017 13:41:11 GMT] "GET /stylesheets/style.css HTTP/1.1" 304 - "http://localhost:3000/" "Mozilla/5.0 (Windows NT 6.3; WOW64) AppleWebKit/537.36 (KHTML, like Gecko) Chrome/56.0.2924.87 Safari/537.36"
::1 - - [Wed, 05 Apr 2017 13:41:35 GMT] "GET /search?keyword=1 HTTP/1.1" 200 1002 "http://localhost:3000/" "Mozilla/5.0 (Windows NT 6.3; WOW64) AppleWebKit/537.36 (KHTML, like Gecko) Chrome/56.0.2924.87 Safari/537.36"
::1 - - [Wed, 05 Apr 2017 13:41:35 GMT] "GET /stylesheets/style.css HTTP/1.1" 304 - "http://localhost:3000/search?keyword=1" "Mozilla/5.0 (Windows NT 6.3; WOW64) AppleWebKit/537.36 (KHTML, like Gecko) Chrome/56.0.2924.87 Safari/537.36"
::1 - - [Wed, 05 Apr 2017 13:41:41 GMT] "GET /u/likun6745109/2017-4-5/123 HTTP/1.1" 200 1566 "http://localhost:3000/search?keyword=1" "Mozilla/5.0 (Windows NT 6.3; WOW64) AppleWebKit/537.36 (KHTML, like Gecko) Chrome/56.0.2924.87 Safari/537.36"
::1 - - [Wed, 05 Apr 2017 13:41:41 GMT] "GET /stylesheets/style.css HTTP/1.1" 304 - "http://localhost:3000/u/likun6745109/2017-4-5/123" "Mozilla/5.0 (Windows NT 6.3; WOW64) AppleWebKit/537.36 (KHTML, like Gecko) Chrome/56.0.2924.87 Safari/537.36"
::1 - - [Wed, 05 Apr 2017 13:42:30 GMT] "POST /u/likun6745109/2017-4-5/123 HTTP/1.1" 302 142 "http://localhost:3000/u/likun6745109/2017-4-5/123" "Mozilla/5.0 (Windows NT 6.3; WOW64) AppleWebKit/537.36 (KHTML, like Gecko) Chrome/56.0.2924.87 Safari/537.36"
::1 - - [Wed, 05 Apr 2017 13:42:30 GMT] "GET /u/likun6745109/2017-4-5/123 HTTP/1.1" 200 1717 "http://localhost:3000/u/likun6745109/2017-4-5/123" "Mozilla/5.0 (Windows NT 6.3; WOW64) AppleWebKit/537.36 (KHTML, like Gecko) Chrome/56.0.2924.87 Safari/537.36"
::1 - - [Wed, 05 Apr 2017 13:42:30 GMT] "GET /stylesheets/style.css HTTP/1.1" 304 - "http://localhost:3000/u/likun6745109/2017-4-5/123" "Mozilla/5.0 (Windows NT 6.3; WOW64) AppleWebKit/537.36 (KHTML, like Gecko) Chrome/56.0.2924.87 Safari/537.36"
::1 - - [Wed, 05 Apr 2017 13:42:36 GMT] "GET /links HTTP/1.1" 304 - "http://localhost:3000/u/likun6745109/2017-4-5/123" "Mozilla/5.0 (Windows NT 6.3; WOW64) AppleWebKit/537.36 (KHTML, like Gecko) Chrome/56.0.2924.87 Safari/537.36"
::1 - - [Wed, 05 Apr 2017 13:42:36 GMT] "GET /stylesheets/style.css HTTP/1.1" 304 - "http://localhost:3000/links" "Mozilla/5.0 (Windows NT 6.3; WOW64) AppleWebKit/537.36 (KHTML, like Gecko) Chrome/56.0.2924.87 Safari/537.36"
::1 - - [Thu, 06 Apr 2017 06:50:06 GMT] "GET / HTTP/1.1" 200 1552 "-" "Mozilla/5.0 (Windows NT 6.3; WOW64; rv:51.0) Gecko/20100101 Firefox/51.0"
::1 - - [Thu, 06 Apr 2017 06:50:06 GMT] "GET /stylesheets/style.css HTTP/1.1" 304 - "http://localhost:3000/" "Mozilla/5.0 (Windows NT 6.3; WOW64; rv:51.0) Gecko/20100101 Firefox/51.0"
::1 - - [Mon, 17 Apr 2017 14:33:16 GMT] "GET / HTTP/1.1" 200 1552 "-" "Mozilla/5.0 (Windows NT 6.3; WOW64; rv:51.0) Gecko/20100101 Firefox/51.0"
::1 - - [Mon, 17 Apr 2017 14:33:16 GMT] "GET /stylesheets/style.css HTTP/1.1" 304 - "http://localhost:3000/" "Mozilla/5.0 (Windows NT 6.3; WOW64; rv:51.0) Gecko/20100101 Firefox/51.0"
::1 - - [Mon, 17 Apr 2017 14:33:43 GMT] "GET /reg HTTP/1.1" 200 992 "http://localhost:3000/" "Mozilla/5.0 (Windows NT 6.3; WOW64; rv:51.0) Gecko/20100101 Firefox/51.0"
::1 - - [Mon, 17 Apr 2017 14:33:43 GMT] "GET /stylesheets/style.css HTTP/1.1" 304 - "http://localhost:3000/reg" "Mozilla/5.0 (Windows NT 6.3; WOW64; rv:51.0) Gecko/20100101 Firefox/51.0"
::1 - - [Mon, 17 Apr 2017 14:33:47 GMT] "GET /login HTTP/1.1" 200 872 "http://localhost:3000/reg" "Mozilla/5.0 (Windows NT 6.3; WOW64; rv:51.0) Gecko/20100101 Firefox/51.0"
::1 - - [Mon, 17 Apr 2017 14:33:48 GMT] "GET /stylesheets/style.css HTTP/1.1" 304 - "http://localhost:3000/login" "Mozilla/5.0 (Windows NT 6.3; WOW64; rv:51.0) Gecko/20100101 Firefox/51.0"
::1 - - [Mon, 17 Apr 2017 14:33:49 GMT] "GET /reg HTTP/1.1" 304 - "http://localhost:3000/login" "Mozilla/5.0 (Windows NT 6.3; WOW64; rv:51.0) Gecko/20100101 Firefox/51.0"
::1 - - [Mon, 17 Apr 2017 14:33:49 GMT] "GET /stylesheets/style.css HTTP/1.1" 304 - "http://localhost:3000/reg" "Mozilla/5.0 (Windows NT 6.3; WOW64; rv:51.0) Gecko/20100101 Firefox/51.0"
::1 - - [Mon, 17 Apr 2017 14:34:11 GMT] "POST /reg HTTP/1.1" 302 46 "http://localhost:3000/reg" "Mozilla/5.0 (Windows NT 6.3; WOW64; rv:51.0) Gecko/20100101 Firefox/51.0"
::1 - - [Mon, 17 Apr 2017 14:34:11 GMT] "GET / HTTP/1.1" 200 1639 "http://localhost:3000/reg" "Mozilla/5.0 (Windows NT 6.3; WOW64; rv:51.0) Gecko/20100101 Firefox/51.0"
::1 - - [Mon, 17 Apr 2017 14:34:11 GMT] "GET /stylesheets/style.css HTTP/1.1" 304 - "http://localhost:3000/" "Mozilla/5.0 (Windows NT 6.3; WOW64; rv:51.0) Gecko/20100101 Firefox/51.0"
::1 - - [Mon, 17 Apr 2017 14:34:22 GMT] "GET /post HTTP/1.1" 200 1076 "http://localhost:3000/" "Mozilla/5.0 (Windows NT 6.3; WOW64; rv:51.0) Gecko/20100101 Firefox/51.0"
::1 - - [Mon, 17 Apr 2017 14:34:22 GMT] "GET /stylesheets/style.css HTTP/1.1" 304 - "http://localhost:3000/post" "Mozilla/5.0 (Windows NT 6.3; WOW64; rv:51.0) Gecko/20100101 Firefox/51.0"
::1 - - [Mon, 17 Apr 2017 14:34:30 GMT] "POST /post HTTP/1.1" 302 46 "http://localhost:3000/post" "Mozilla/5.0 (Windows NT 6.3; WOW64; rv:51.0) Gecko/20100101 Firefox/51.0"
::1 - - [Mon, 17 Apr 2017 14:34:30 GMT] "GET / HTTP/1.1" 200 2002 "http://localhost:3000/post" "Mozilla/5.0 (Windows NT 6.3; WOW64; rv:51.0) Gecko/20100101 Firefox/51.0"
::1 - - [Mon, 17 Apr 2017 14:34:30 GMT] "GET /stylesheets/style.css HTTP/1.1" 304 - "http://localhost:3000/" "Mozilla/5.0 (Windows NT 6.3; WOW64; rv:51.0) Gecko/20100101 Firefox/51.0"
::1 - - [Mon, 17 Apr 2017 14:34:58 GMT] "GET /logout HTTP/1.1" 302 46 "http://localhost:3000/" "Mozilla/5.0 (Windows NT 6.3; WOW64; rv:51.0) Gecko/20100101 Firefox/51.0"
::1 - - [Mon, 17 Apr 2017 14:34:58 GMT] "GET / HTTP/1.1" 200 1941 "http://localhost:3000/" "Mozilla/5.0 (Windows NT 6.3; WOW64; rv:51.0) Gecko/20100101 Firefox/51.0"
::1 - - [Mon, 17 Apr 2017 14:34:58 GMT] "GET /stylesheets/style.css HTTP/1.1" 304 - "http://localhost:3000/" "Mozilla/5.0 (Windows NT 6.3; WOW64; rv:51.0) Gecko/20100101 Firefox/51.0"
::1 - - [Mon, 17 Apr 2017 14:35:04 GMT] "GET /login HTTP/1.1" 304 - "http://localhost:3000/" "Mozilla/5.0 (Windows NT 6.3; WOW64; rv:51.0) Gecko/20100101 Firefox/51.0"
::1 - - [Mon, 17 Apr 2017 14:35:04 GMT] "GET /stylesheets/style.css HTTP/1.1" 304 - "http://localhost:3000/login" "Mozilla/5.0 (Windows NT 6.3; WOW64; rv:51.0) Gecko/20100101 Firefox/51.0"
::1 - - [Mon, 17 Apr 2017 14:35:26 GMT] "POST /login HTTP/1.1" 302 46 "http://localhost:3000/login" "Mozilla/5.0 (Windows NT 6.3; WOW64; rv:51.0) Gecko/20100101 Firefox/51.0"
::1 - - [Mon, 17 Apr 2017 14:35:27 GMT] "GET / HTTP/1.1" 200 1999 "http://localhost:3000/login" "Mozilla/5.0 (Windows NT 6.3; WOW64; rv:51.0) Gecko/20100101 Firefox/51.0"
::1 - - [Mon, 17 Apr 2017 14:35:27 GMT] "GET /stylesheets/style.css HTTP/1.1" 304 - "http://localhost:3000/" "Mozilla/5.0 (Windows NT 6.3; WOW64; rv:51.0) Gecko/20100101 Firefox/51.0"
::1 - - [Mon, 17 Apr 2017 14:35:49 GMT] "GET /search?keyword=4 HTTP/1.1" 200 784 "http://localhost:3000/" "Mozilla/5.0 (Windows NT 6.3; WOW64; rv:51.0) Gecko/20100101 Firefox/51.0"
::1 - - [Mon, 17 Apr 2017 14:35:50 GMT] "GET /stylesheets/style.css HTTP/1.1" 304 - "http://localhost:3000/search?keyword=4" "Mozilla/5.0 (Windows NT 6.3; WOW64; rv:51.0) Gecko/20100101 Firefox/51.0"
::1 - - [Mon, 17 Apr 2017 14:35:53 GMT] "GET /search?keyword=7 HTTP/1.1" 200 892 "http://localhost:3000/search?keyword=4" "Mozilla/5.0 (Windows NT 6.3; WOW64; rv:51.0) Gecko/20100101 Firefox/51.0"
::1 - - [Mon, 17 Apr 2017 14:35:53 GMT] "GET /stylesheets/style.css HTTP/1.1" 304 - "http://localhost:3000/search?keyword=7" "Mozilla/5.0 (Windows NT 6.3; WOW64; rv:51.0) Gecko/20100101 Firefox/51.0"
::1 - - [Mon, 17 Apr 2017 14:35:58 GMT] "GET / HTTP/1.1" 200 1974 "http://localhost:3000/search?keyword=7" "Mozilla/5.0 (Windows NT 6.3; WOW64; rv:51.0) Gecko/20100101 Firefox/51.0"
::1 - - [Mon, 17 Apr 2017 14:35:58 GMT] "GET /stylesheets/style.css HTTP/1.1" 304 - "http://localhost:3000/" "Mozilla/5.0 (Windows NT 6.3; WOW64; rv:51.0) Gecko/20100101 Firefox/51.0"
::1 - - [Mon, 17 Apr 2017 14:36:09 GMT] "GET /u/likun6745109/2017-4-5/123 HTTP/1.1" 200 1664 "http://localhost:3000/" "Mozilla/5.0 (Windows NT 6.3; WOW64; rv:51.0) Gecko/20100101 Firefox/51.0"
::1 - - [Mon, 17 Apr 2017 14:36:09 GMT] "GET /stylesheets/style.css HTTP/1.1" 304 - "http://localhost:3000/u/likun6745109/2017-4-5/123" "Mozilla/5.0 (Windows NT 6.3; WOW64; rv:51.0) Gecko/20100101 Firefox/51.0"
::1 - - [Mon, 17 Apr 2017 14:37:36 GMT] "GET / HTTP/1.1" 200 1974 "http://localhost:3000/u/likun6745109/2017-4-5/123" "Mozilla/5.0 (Windows NT 6.3; WOW64; rv:51.0) Gecko/20100101 Firefox/51.0"
::1 - - [Mon, 17 Apr 2017 14:37:36 GMT] "GET /stylesheets/style.css HTTP/1.1" 304 - "http://localhost:3000/" "Mozilla/5.0 (Windows NT 6.3; WOW64; rv:51.0) Gecko/20100101 Firefox/51.0"
::1 - - [Tue, 18 Apr 2017 14:21:17 GMT] "GET / HTTP/1.1" 200 716 "-" "Mozilla/5.0 (Windows NT 10.0; WOW64; rv:51.0) Gecko/20100101 Firefox/51.0"
::1 - - [Tue, 18 Apr 2017 14:21:17 GMT] "GET /stylesheets/style.css HTTP/1.1" 200 1962 "http://localhost:3000/" "Mozilla/5.0 (Windows NT 10.0; WOW64; rv:51.0) Gecko/20100101 Firefox/51.0"
::1 - - [Tue, 18 Apr 2017 14:21:19 GMT] "GET / HTTP/1.1" 304 - "http://localhost:3000/" "Mozilla/5.0 (Windows NT 10.0; WOW64; rv:51.0) Gecko/20100101 Firefox/51.0"
::1 - - [Tue, 18 Apr 2017 14:21:19 GMT] "GET /stylesheets/style.css HTTP/1.1" 304 - "http://localhost:3000/" "Mozilla/5.0 (Windows NT 10.0; WOW64; rv:51.0) Gecko/20100101 Firefox/51.0"
::1 - - [Wed, 19 Apr 2017 01:35:16 GMT] "GET / HTTP/1.1" 304 - "-" "Mozilla/5.0 (Windows NT 10.0; WOW64; rv:51.0) Gecko/20100101 Firefox/51.0"
::1 - - [Wed, 19 Apr 2017 01:35:16 GMT] "GET /stylesheets/style.css HTTP/1.1" 304 - "http://localhost:3000/" "Mozilla/5.0 (Windows NT 10.0; WOW64; rv:51.0) Gecko/20100101 Firefox/51.0"
::1 - - [Wed, 19 Apr 2017 01:35:20 GMT] "GET /reg HTTP/1.1" 200 992 "http://localhost:3000/" "Mozilla/5.0 (Windows NT 10.0; WOW64; rv:51.0) Gecko/20100101 Firefox/51.0"
::1 - - [Wed, 19 Apr 2017 01:35:20 GMT] "GET /stylesheets/style.css HTTP/1.1" 304 - "http://localhost:3000/reg" "Mozilla/5.0 (Windows NT 10.0; WOW64; rv:51.0) Gecko/20100101 Firefox/51.0"
::1 - - [Wed, 19 Apr 2017 01:35:31 GMT] "POST /reg HTTP/1.1" 302 46 "http://localhost:3000/reg" "Mozilla/5.0 (Windows NT 10.0; WOW64; rv:51.0) Gecko/20100101 Firefox/51.0"
::1 - - [Wed, 19 Apr 2017 01:35:31 GMT] "GET / HTTP/1.1" 200 803 "http://localhost:3000/reg" "Mozilla/5.0 (Windows NT 10.0; WOW64; rv:51.0) Gecko/20100101 Firefox/51.0"
::1 - - [Wed, 19 Apr 2017 01:35:31 GMT] "GET /stylesheets/style.css HTTP/1.1" 304 - "http://localhost:3000/" "Mozilla/5.0 (Windows NT 10.0; WOW64; rv:51.0) Gecko/20100101 Firefox/51.0"
